<?xml version="1.0" encoding="UTF-8"?>
<!-- Generated by org.testng.reporters.JUnitReportReporter -->
<testsuite hostname="LP95" failures="0" tests="3" name="Practice.PracticeFirstTest" time="3.711" errors="0" timestamp="2024-04-18T14:49:57 IST" skipped="0">
  <testcase classname="Practice.PracticeFirstTest" name="navigateToGoogle" time="3.683"/>
  <system-out/>
  <testcase classname="Practice.PracticeFirstTest" name="keystobesend" time="0.026"/>
  <system-out/>
  <testcase classname="Practice.PracticeFirstTest" name="jenkinspractice" time="0.002"/>
  <system-out/>
</testsuite> <!-- Practice.PracticeFirstTest -->
